2020-10-16 21:40:47,200 INFO o.a.j.u.JMeterUtils: Setting Locale to en_EN
2020-10-16 21:40:47,247 INFO o.a.j.JMeter: Loading user properties from: /usr/local/Cellar/jmeter/5.3/libexec/bin/user.properties
2020-10-16 21:40:47,248 INFO o.a.j.JMeter: Loading system properties from: /usr/local/Cellar/jmeter/5.3/libexec/bin/system.properties
2020-10-16 21:40:47,249 INFO o.a.j.JMeter: Copyright (c) 1998-2020 The Apache Software Foundation
2020-10-16 21:40:47,249 INFO o.a.j.JMeter: Version 5.3
2020-10-16 21:40:47,249 INFO o.a.j.JMeter: java.version=11.0.8
2020-10-16 21:40:47,249 INFO o.a.j.JMeter: java.vm.name=OpenJDK 64-Bit Server VM
2020-10-16 21:40:47,249 INFO o.a.j.JMeter: os.name=Mac OS X
2020-10-16 21:40:47,249 INFO o.a.j.JMeter: os.arch=x86_64
2020-10-16 21:40:47,249 INFO o.a.j.JMeter: os.version=10.15.3
2020-10-16 21:40:47,250 INFO o.a.j.JMeter: file.encoding=UTF-8
2020-10-16 21:40:47,250 INFO o.a.j.JMeter: java.awt.headless=null
2020-10-16 21:40:47,250 INFO o.a.j.JMeter: Max memory     =1073741824
2020-10-16 21:40:47,250 INFO o.a.j.JMeter: Available Processors =8
2020-10-16 21:40:47,262 INFO o.a.j.JMeter: Default Locale=English (EN)
2020-10-16 21:40:47,262 INFO o.a.j.JMeter: JMeter  Locale=English (EN)
2020-10-16 21:40:47,262 INFO o.a.j.JMeter: JMeterHome=/usr/local/Cellar/jmeter/5.3/libexec
2020-10-16 21:40:47,262 INFO o.a.j.JMeter: user.dir  =/Users/vishalb/code/fission_codebase/examples/samples/long-running-compute
2020-10-16 21:40:47,263 INFO o.a.j.JMeter: PWD       =/Users/vishalb/code/fission_codebase/examples/samples/long-running-compute
2020-10-16 21:40:47,267 INFO o.a.j.JMeter: IP: 127.0.0.1 Name: Vishals-MacBook-Pro.local FullName: localhost
2020-10-16 21:40:47,982 INFO o.a.j.JMeter: Setting LAF to: com.github.weisj.darklaf.DarkLaf:com.github.weisj.darklaf.theme.DarculaTheme
2020-10-16 21:40:50,151 INFO o.a.j.JMeter: Loaded icon properties from org/apache/jmeter/images/icon.properties
2020-10-16 21:40:51,393 INFO o.j.r.JARSourceHTTP: Requesting https://jmeter-plugins.org/repo/?installID=mac_os_x-1007122775c217cc51aec5a93e7c81ca-gui
2020-10-16 21:40:54,058 INFO o.j.r.PluginManager: Plugins Status: [jpgc-plugins-manager=1.3, jmeter-core=5.3, jmeter-ftp=5.3, jmeter-http=5.3, jmeter-jdbc=5.3, jmeter-jms=5.3, jmeter-junit=5.3, jmeter-java=5.3, jmeter-ldap=5.3, jmeter-mail=5.3, jmeter-mongodb=5.3, jmeter-native=5.3, jmeter-tcp=5.3, jmeter-components=5.3]
2020-10-16 21:40:54,059 INFO o.j.r.PluginManagerMenuItem: Plugins Manager has upgrades: [jpgc-plugins-manager]
2020-10-16 21:41:08,331 INFO o.a.j.s.FileServer: Default base='/Users/vishalb/code/fission_codebase/examples/samples/long-running-compute'
2020-10-16 21:41:08,334 INFO o.a.j.g.a.Load: Loading file: /Users/vishalb/Downloads/Fission.jmx
2020-10-16 21:41:08,335 INFO o.a.j.s.FileServer: Set new base='/Users/vishalb/Downloads'
2020-10-16 21:41:08,488 INFO o.a.j.s.SaveService: Testplan (JMX) version: 2.2. Testlog (JTL) version: 2.2
2020-10-16 21:41:08,499 INFO o.a.j.s.SaveService: Using SaveService properties version 5.0
2020-10-16 21:41:08,501 INFO o.a.j.s.SaveService: Using SaveService properties file encoding UTF-8
2020-10-16 21:41:08,502 INFO o.a.j.s.SaveService: Loading file: /Users/vishalb/Downloads/Fission.jmx
2020-10-16 21:41:08,905 INFO o.a.j.p.h.s.HTTPSamplerBase: Parser for text/html is org.apache.jmeter.protocol.http.parser.LagartoBasedHtmlParser
2020-10-16 21:41:08,906 INFO o.a.j.p.h.s.HTTPSamplerBase: Parser for application/xhtml+xml is org.apache.jmeter.protocol.http.parser.LagartoBasedHtmlParser
2020-10-16 21:41:08,906 INFO o.a.j.p.h.s.HTTPSamplerBase: Parser for application/xml is org.apache.jmeter.protocol.http.parser.LagartoBasedHtmlParser
2020-10-16 21:41:08,906 INFO o.a.j.p.h.s.HTTPSamplerBase: Parser for text/xml is org.apache.jmeter.protocol.http.parser.LagartoBasedHtmlParser
2020-10-16 21:41:08,906 INFO o.a.j.p.h.s.HTTPSamplerBase: Parser for text/vnd.wap.wml is org.apache.jmeter.protocol.http.parser.RegexpHTMLParser
2020-10-16 21:41:08,906 INFO o.a.j.p.h.s.HTTPSamplerBase: Parser for text/css is org.apache.jmeter.protocol.http.parser.CssParser
2020-10-16 21:41:09,065 INFO o.a.j.s.SampleResult: Note: Sample TimeStamps are START times
2020-10-16 21:41:09,066 INFO o.a.j.s.SampleResult: sampleresult.default.encoding is set to ISO-8859-1
2020-10-16 21:41:09,066 INFO o.a.j.s.SampleResult: sampleresult.useNanoTime=true
2020-10-16 21:41:09,066 INFO o.a.j.s.SampleResult: sampleresult.nanoThreadSleep=5000
2020-10-16 21:41:09,224 INFO o.a.j.v.ViewResultsFullVisualizer: Add JavaFX to your Java installation if you want to use renderer: org.apache.jmeter.visualizers.RenderInBrowser
2020-10-16 21:41:09,295 INFO o.a.j.s.FileServer: Set new base='/Users/vishalb/Downloads'
2020-10-16 21:42:01,551 INFO o.a.j.e.StandardJMeterEngine: Running the test!
2020-10-16 21:42:01,552 INFO o.a.j.s.SampleEvent: List of sample_variables: []
2020-10-16 21:42:01,552 INFO o.a.j.s.SampleEvent: List of sample_variables: []
2020-10-16 21:42:01,557 INFO o.a.j.e.u.CompoundVariable: Note: Function class names must contain the string: '.functions.'
2020-10-16 21:42:01,557 INFO o.a.j.e.u.CompoundVariable: Note: Function class names must not contain the string: '.gui.'
2020-10-16 21:42:01,861 INFO o.a.j.g.u.JMeterMenuBar: setRunning(true, *local*)
2020-10-16 21:42:01,914 INFO o.a.j.e.StandardJMeterEngine: Starting ThreadGroup: 1 : Function#1
2020-10-16 21:42:01,914 INFO o.a.j.e.StandardJMeterEngine: Starting 1 threads for group Function#1.
2020-10-16 21:42:01,914 INFO o.a.j.e.StandardJMeterEngine: Thread will continue on error
2020-10-16 21:42:01,915 INFO o.a.j.t.ThreadGroup: Starting thread group... number=1 threads=1 ramp-up=1 delayedStart=false
2020-10-16 21:42:01,919 INFO o.a.j.t.ThreadGroup: Started thread group number 1
2020-10-16 21:42:01,919 INFO o.a.j.e.StandardJMeterEngine: All thread groups have been started
2020-10-16 21:42:01,920 INFO o.a.j.t.JMeterThread: Thread started: Function#1 1-1
2020-10-16 21:42:01,931 INFO o.a.j.p.h.s.HTTPHCAbstractImpl: Local host = Vishals-MacBook-Pro.local
2020-10-16 21:42:01,938 INFO o.a.j.p.h.s.HTTPHC4Impl: HTTP request retry count = 0
2020-10-16 21:42:18,357 INFO o.a.j.t.JMeterThread: Thread is done: Function#1 1-1
2020-10-16 21:42:18,357 INFO o.a.j.t.JMeterThread: Thread finished: Function#1 1-1
2020-10-16 21:42:18,358 INFO o.a.j.e.StandardJMeterEngine: Notifying test listeners of end of test
2020-10-16 21:42:18,359 INFO o.a.j.g.u.JMeterMenuBar: setRunning(false, *local*)
